0 info it worked if it ends with ok
1 verbose cli [ 'C:\\Program Files\\nodejs\\node.exe',
1 verbose cli   'C:\\Users\\Artur\\AppData\\Roaming\\npm\\node_modules\\npm\\bin\\npm-cli.js',
1 verbose cli   'start' ]
2 info using npm@3.10.8
3 info using node@v4.1.1
4 verbose run-script [ 'prestart', 'start', 'poststart' ]
5 info lifecycle ECard_Backend@1.0.0~prestart: ECard_Backend@1.0.0
6 silly lifecycle ECard_Backend@1.0.0~prestart: no script for prestart, continuing
7 info lifecycle ECard_Backend@1.0.0~start: ECard_Backend@1.0.0
8 verbose lifecycle ECard_Backend@1.0.0~start: unsafe-perm in lifecycle true
9 verbose lifecycle ECard_Backend@1.0.0~start: PATH: C:\Users\Artur\AppData\Roaming\npm\node_modules\npm\bin\node-gyp-bin;C:\Users\Artur\ecard\backend\node_modules\.bin;C:\ProgramData\Oracle\Java\javapath;C:\Program Files (x86)\Common Files\Intel\Shared Libraries\redist\intel64\compiler;C:\Program Files (x86)\Intel\iCLS Client\;C:\Program Files\Intel\iCLS Client\;C:\WINDOWS\system32;C:\WINDOWS;C:\WINDOWS\System32\Wbem;C:\WINDOWS\System32\WindowsPowerShell\v1.0\;C:\Program Files (x86)\Windows Live\Shared;C:\Program Files\Intel\Intel(R) Management Engine Components\DAL;C:\Program Files\Intel\Intel(R) Management Engine Components\IPT;C:\Program Files (x86)\Intel\Intel(R) Management Engine Components\DAL;C:\Program Files (x86)\Intel\Intel(R) Management Engine Components\IPT;C:\Program Files\nodejs\;C:\Program Files\Intel\WiFi\bin\;C:\Program Files\Common Files\Intel\WirelessCommon\;C:\Python34;C:\Python34\Lib\site-packages;C:\Python34\Lib;C:\Python34\DLLs;C:\Python34\Lib\lib-tk;C:\Python34\Scripts;C:\Users\Artur\Desktop\laravel_framework\ComposerSetup\bin;C:\Users\Artur\Desktop\laravel_framework\php;D:\PhpStorm 8.0.3\jre\jre\bin;C:\TDM-GCC-64\bin;C:\Program Files\OpenVPN\bin;C:\Program Files (x86)\Java\jre1.8.0_60;C:\Program Files (x86)\Windows Kits\8.1\Windows Performance Toolkit\;D:\wamp64\bin\php\php7.0.10;C:\ProgramData\ComposerSetup\bin;C:\Program Files\Git\cmd;C:\Program Files (x86)\NVIDIA Corporation\PhysX\Common; C:\Program Files\MongoDB\Server\3.2\bin;D:\wamp64\bin\php\php7.0.10;C:\Users\Artur\AppData\Roaming\Composer\vendor\bin;C:\Users\Artur\AppData\Roaming\npm
10 verbose lifecycle ECard_Backend@1.0.0~start: CWD: C:\Users\Artur\ecard\backend
11 silly lifecycle ECard_Backend@1.0.0~start: Args: [ '/d /s /c', 'node ./bin/www' ]
12 silly lifecycle ECard_Backend@1.0.0~start: Returned: code: 1  signal: null
13 info lifecycle ECard_Backend@1.0.0~start: Failed to exec start script
14 verbose stack Error: ECard_Backend@1.0.0 start: `node ./bin/www`
14 verbose stack Exit status 1
14 verbose stack     at EventEmitter.<anonymous> (C:\Users\Artur\AppData\Roaming\npm\node_modules\npm\lib\utils\lifecycle.js:255:16)
14 verbose stack     at emitTwo (events.js:87:13)
14 verbose stack     at EventEmitter.emit (events.js:172:7)
14 verbose stack     at ChildProcess.<anonymous> (C:\Users\Artur\AppData\Roaming\npm\node_modules\npm\lib\utils\spawn.js:40:14)
14 verbose stack     at emitTwo (events.js:87:13)
14 verbose stack     at ChildProcess.emit (events.js:172:7)
14 verbose stack     at maybeClose (internal/child_process.js:817:16)
14 verbose stack     at Process.ChildProcess._handle.onexit (internal/child_process.js:211:5)
15 verbose pkgid ECard_Backend@1.0.0
16 verbose cwd C:\Users\Artur\ecard\backend
17 error Windows_NT 6.3.9600
18 error argv "C:\\Program Files\\nodejs\\node.exe" "C:\\Users\\Artur\\AppData\\Roaming\\npm\\node_modules\\npm\\bin\\npm-cli.js" "start"
19 error node v4.1.1
20 error npm  v3.10.8
21 error code ELIFECYCLE
22 error ECard_Backend@1.0.0 start: `node ./bin/www`
22 error Exit status 1
23 error Failed at the ECard_Backend@1.0.0 start script 'node ./bin/www'.
23 error Make sure you have the latest version of node.js and npm installed.
23 error If you do, this is most likely a problem with the ECard_Backend package,
23 error not with npm itself.
23 error Tell the author that this fails on your system:
23 error     node ./bin/www
23 error You can get information on how to open an issue for this project with:
23 error     npm bugs ECard_Backend
23 error Or if that isn't available, you can get their info via:
23 error     npm owner ls ECard_Backend
23 error There is likely additional logging output above.
24 verbose exit [ 1, true ]
